Compiled jquery.js  (1ms)  (pid 3628)
Compiled jquery_ujs.js  (0ms)  (pid 3628)
Compiled agenda.js  (331ms)  (pid 3628)
Compiled application.js  (346ms)  (pid 3628)
Compiled agenda.css  (46ms)  (pid 3628)
Compiled application.css  (49ms)  (pid 3628)
Compiled jquery.js  (1ms)  (pid 3628)
Compiled jquery_ujs.js  (0ms)  (pid 3628)
Compiled agenda.js  (104ms)  (pid 3628)
Compiled application.js  (118ms)  (pid 3628)
Compiled agenda.css  (18ms)  (pid 3628)
Compiled application.css  (22ms)  (pid 3628)
Compiled jquery.js  (1ms)  (pid 3761)
Compiled jquery_ujs.js  (0ms)  (pid 3761)
Compiled agenda.js  (108ms)  (pid 3761)
Compiled application.js  (123ms)  (pid 3761)
Compiled agenda.css  (18ms)  (pid 3761)
Compiled application.css  (22ms)  (pid 3761)
Compiled jquery.js  (1ms)  (pid 3761)
Compiled jquery_ujs.js  (0ms)  (pid 3761)
Compiled agenda.js  (102ms)  (pid 3761)
Compiled application.js  (116ms)  (pid 3761)
Compiled agenda.css  (18ms)  (pid 3761)
Compiled application.css  (21ms)  (pid 3761)
